<?xml version="1.0" encoding="UTF-8"?>
<testng-results skipped="0" failed="0" ignored="0" total="1" passed="1">
  <reporter-output>
  </reporter-output>
  <suite name="Default Suite" duration-ms="105870" started-at="2020-09-04T18:16:22Z" finished-at="2020-09-04T18:18:08Z">
    <groups>
    </groups>
    <test name="BgpQAChallenge" duration-ms="105870" started-at="2020-09-04T18:16:22Z" finished-at="2020-09-04T18:18:08Z">
      <class name="testCases.TestCase">
        <test-method status="PASS" signature="initializeDriver()[pri:0, instance:testCases.TestCase@4fb64261]" name="initializeDriver" is-config="true" duration-ms="10506" started-at="2020-09-04T18:16:22Z" finished-at="2020-09-04T18:16:33Z">
          <reporter-output>
          </reporter-output>
        </test-method> <!-- initializeDriver -->
        <test-method status="PASS" signature="fullApplicationFlow()[pri:0, instance:testCases.TestCase@4fb64261]" name="fullApplicationFlow" duration-ms="94099" started-at="2020-09-04T18:16:33Z" finished-at="2020-09-04T18:18:07Z">
          <reporter-output>
          </reporter-output>
        </test-method> <!-- fullApplicationFlow -->
        <test-method status="PASS" signature="getResult(org.testng.ITestResult)[pri:0, instance:testCases.TestCase@4fb64261]" name="getResult" is-config="true" duration-ms="5" started-at="2020-09-04T18:18:07Z" finished-at="2020-09-04T18:18:07Z">
          <params>
            <param index="0">
              <value>
                <![CDATA[[TestResult name=fullApplicationFlow status=SUCCESS method=Test_UserStory_3.fullApplicationFlow()[pri:0, instance:testCases.TestCase@4fb64261] output={null}]]]>
              </value>
            </param>
          </params>
          <reporter-output>
          </reporter-output>
        </test-method> <!-- getResult -->
        <test-method status="PASS" signature="closeDriver()[pri:0, instance:testCases.TestCase@4fb64261]" name="closeDriver" is-config="true" duration-ms="1229" started-at="2020-09-04T18:18:07Z" finished-at="2020-09-04T18:18:08Z">
          <reporter-output>
          </reporter-output>
        </test-method> <!-- closeDriver -->
      </class> <!-- testCases.TestCase -->
    </test> <!-- BgpQAChallenge -->
  </suite> <!-- Default Suite -->
</testng-results>
